          1 file(s) copied.
  Create dummy include files to prevent "Cannot find missing dependency..." warnings.
  
  Microsoft (R) Program Maintenance Utility Version 14.00.24210.0
  Copyright (C) Microsoft Corporation.  All rights reserved.
  
  pngerror.c
  png.c
  pngget.c
  pngmem.c
  pngpread.c
  pngread.c
  pngrio.c
  pngrtran.c
  pngrutil.c
  pngset.c
  pngtrans.c
  pngwio.c
  pngwrite.c
  pngwtran.c
  pngwutil.c
  Generating Code...
C:\Program Files (x86)\MSBuild\Microsoft.Cpp\v4.0\V140\Microsoft.CppBuild.targets(1189,5): warning MSB8012: TargetPath(E:\KCUWork\cvlib2_vs2015_161024\modules\cvlibbase\Src\png\projects\visualc71\.\Win32_DLL_Debug\libpng.dll) does not match the Linker's OutputFile property value (E:\KCUWork\cvlib2_vs2015_161024\modules\cvlibbase\Src\png\projects\visualc71\Win32_DLL_Debug\libpng16d.dll). This may cause your project to build incorrectly. To correct this, please make sure that $(OutDir), $(TargetName) and $(TargetExt) property values match the value specified in %(Link.OutputFile).
C:\Program Files (x86)\MSBuild\Microsoft.Cpp\v4.0\V140\Microsoft.CppBuild.targets(1191,5): warning MSB8012: TargetName(libpng) does not match the Linker's OutputFile property value (libpng16d). This may cause your project to build incorrectly. To correct this, please make sure that $(OutDir), $(TargetName) and $(TargetExt) property values match the value specified in %(Link.OutputFile).
png.obj : warning LNK4075: ignoring '/EDITANDCONTINUE' due to '/SAFESEH' specification
     Creating library .\Win32_DLL_Debug\libpng.lib and object .\Win32_DLL_Debug\libpng.exp
  libpng.vcxproj -> E:\KCUWork\cvlib2_vs2015_161024\modules\cvlibbase\Src\png\projects\visualc71\.\Win32_DLL_Debug\libpng.dll
  libpng.vcxproj -> .\Win32_DLL_Debug\libpng.pdb (Full PDB)
