          1 file(s) copied.
  pngerror.c
  png.c
  pngget.c
  pngmem.c
  pngpread.c
  pngread.c
  pngrio.c
  pngrtran.c
  pngrutil.c
  pngset.c
  pngtrans.c
  pngwio.c
  pngwrite.c
  pngwtran.c
  pngwutil.c
  Generating Code...
C:\Program Files (x86)\MSBuild\Microsoft.Cpp\v4.0\V140\Microsoft.CppBuild.targets(1357,5): warning MSB8012: TargetPath(E:\KCUWork\cvlib2_vs2015_161024\modules\cvlibbase\Src\png\projects\visualc71\.\Win32_LIB_Debug\libpng.lib) does not match the Library's OutputFile property value (E:\KCUWork\cvlib2_vs2015_161024\modules\cvlibbase\Src\png\projects\visualc71\Win32_LIB_Debug\libpngd.lib). This may cause your project to build incorrectly. To correct this, please make sure that $(OutDir), $(TargetName) and $(TargetExt) property values match the value specified in %(Lib.OutputFile).
C:\Program Files (x86)\MSBuild\Microsoft.Cpp\v4.0\V140\Microsoft.CppBuild.targets(1359,5): warning MSB8012: TargetName(libpng) does not match the Library's OutputFile property value (libpngd). This may cause your project to build incorrectly. To correct this, please make sure that $(OutDir), $(TargetName) and $(TargetExt) property values match the value specified in %(Lib.OutputFile).
  libpng.vcxproj -> E:\KCUWork\cvlib2_vs2015_161024\modules\cvlibbase\Src\png\projects\visualc71\.\Win32_LIB_Debug\libpng.lib
